<?xml version="1.0" encoding="UTF-8"?>
<!-- Generated by org.testng.reporters.JUnitXMLReporter -->
<testsuite ignored="0" hostname="DESKTOP-4MCJRE4" failures="0" tests="6" name="AUTH_MODULE" time="52.538" errors="0" timestamp="2026-05-28T10:07:46 CST">
  <testcase classname="com.appbarber.tests.auth.Login" name="loginToAppSuccessful" time="3.442"/>
  <testcase classname="com.appbarber.tests.auth.Login" name="loginToDashboardSuccessful" time="2.871"/>
  <testcase classname="com.appbarber.tests.auth.Login" name="loginWithPasswordIncorrect" time="2.708"/>
  <testcase classname="com.appbarber.tests.auth.Login" name="loginWithUserNotAuth" time="3.714"/>
  <testcase classname="com.appbarber.tests.auth.Register" name="registerFailedWithEmailRegistered" time="2.314"/>
  <testcase classname="com.appbarber.tests.auth.Register" name="registerSuccessFul" time="3.859"/>
</testsuite> <!-- AUTH_MODULE -->
