<?xml version="1.0" encoding="UTF-8"?>
<testng-results ignored="0" total="6" passed="6" failed="0" skipped="0">
  <reporter-output>
  </reporter-output>
  <suite started-at="2026-05-28T10:06:53 CST" name="Suite Appbarber" finished-at="2026-05-28T10:07:46 CST" duration-ms="52538">
    <groups>
    </groups>
    <test started-at="2026-05-28T10:06:53 CST" name="AUTH_MODULE" finished-at="2026-05-28T10:07:46 CST" duration-ms="52538">
      <class name="com.appbarber.tests.auth.Login">
        <test-method is-config="true" signature="setUp()[pri:0, instance:com.appbarber.tests.auth.Login@60704c]" started-at="2026-05-28T10:06:53 CST" name="setUp" finished-at="2026-05-28T10:07:11 CST" duration-ms="17644" status="PASS">
          <reporter-output>
          </reporter-output>
        </test-method> <!-- setUp -->
        <test-method is-config="true" signature="set()[pri:0, instance:com.appbarber.tests.auth.Login@60704c]" started-at="2026-05-28T10:07:11 CST" name="set" finished-at="2026-05-28T10:07:12 CST" duration-ms="1298" status="PASS">
          <reporter-output>
          </reporter-output>
        </test-method> <!-- set -->
        <test-method signature="loginToAppSuccessful()[pri:0, instance:com.appbarber.tests.auth.Login@60704c]" started-at="2026-05-28T10:07:12 CST" name="loginToAppSuccessful" finished-at="2026-05-28T10:07:15 CST" duration-ms="3442" status="PASS">
          <reporter-output>
          </reporter-output>
        </test-method> <!-- loginToAppSuccessful -->
        <test-method is-config="true" signature="tearDown()[pri:0, instance:com.appbarber.tests.auth.Login@60704c]" started-at="2026-05-28T10:07:15 CST" name="tearDown" finished-at="2026-05-28T10:07:16 CST" duration-ms="496" status="PASS">
          <reporter-output>
          </reporter-output>
        </test-method> <!-- tearDown -->
        <test-method is-config="true" signature="setUp()[pri:0, instance:com.appbarber.tests.auth.Login@60704c]" started-at="2026-05-28T10:07:16 CST" name="setUp" finished-at="2026-05-28T10:07:17 CST" duration-ms="1177" status="PASS">
          <reporter-output>
          </reporter-output>
        </test-method> <!-- setUp -->
        <test-method is-config="true" signature="set()[pri:0, instance:com.appbarber.tests.auth.Login@60704c]" started-at="2026-05-28T10:07:17 CST" name="set" finished-at="2026-05-28T10:07:18 CST" duration-ms="638" status="PASS">
          <reporter-output>
          </reporter-output>
        </test-method> <!-- set -->
        <test-method signature="loginToDashboardSuccessful()[pri:0, instance:com.appbarber.tests.auth.Login@60704c]" started-at="2026-05-28T10:07:18 CST" name="loginToDashboardSuccessful" finished-at="2026-05-28T10:07:21 CST" duration-ms="2871" status="PASS">
          <reporter-output>
          </reporter-output>
        </test-method> <!-- loginToDashboardSuccessful -->
        <test-method is-config="true" signature="tearDown()[pri:0, instance:com.appbarber.tests.auth.Login@60704c]" started-at="2026-05-28T10:07:21 CST" name="tearDown" finished-at="2026-05-28T10:07:21 CST" duration-ms="445" status="PASS">
          <reporter-output>
          </reporter-output>
        </test-method> <!-- tearDown -->
        <test-method is-config="true" signature="setUp()[pri:0, instance:com.appbarber.tests.auth.Login@60704c]" started-at="2026-05-28T10:07:21 CST" name="setUp" finished-at="2026-05-28T10:07:22 CST" duration-ms="1156" status="PASS">
          <reporter-output>
          </reporter-output>
        </test-method> <!-- setUp -->
        <test-method is-config="true" signature="set()[pri:0, instance:com.appbarber.tests.auth.Login@60704c]" started-at="2026-05-28T10:07:22 CST" name="set" finished-at="2026-05-28T10:07:24 CST" duration-ms="1407" status="PASS">
          <reporter-output>
          </reporter-output>
        </test-method> <!-- set -->
        <test-method signature="loginWithPasswordIncorrect()[pri:0, instance:com.appbarber.tests.auth.Login@60704c]" started-at="2026-05-28T10:07:24 CST" name="loginWithPasswordIncorrect" finished-at="2026-05-28T10:07:26 CST" duration-ms="2708" status="PASS">
          <reporter-output>
          </reporter-output>
        </test-method> <!-- loginWithPasswordIncorrect -->
        <test-method is-config="true" signature="tearDown()[pri:0, instance:com.appbarber.tests.auth.Login@60704c]" started-at="2026-05-28T10:07:26 CST" name="tearDown" finished-at="2026-05-28T10:07:27 CST" duration-ms="514" status="PASS">
          <reporter-output>
          </reporter-output>
        </test-method> <!-- tearDown -->
        <test-method is-config="true" signature="setUp()[pri:0, instance:com.appbarber.tests.auth.Login@60704c]" started-at="2026-05-28T10:07:27 CST" name="setUp" finished-at="2026-05-28T10:07:28 CST" duration-ms="1218" status="PASS">
          <reporter-output>
          </reporter-output>
        </test-method> <!-- setUp -->
        <test-method is-config="true" signature="set()[pri:0, instance:com.appbarber.tests.auth.Login@60704c]" started-at="2026-05-28T10:07:28 CST" name="set" finished-at="2026-05-28T10:07:29 CST" duration-ms="642" status="PASS">
          <reporter-output>
          </reporter-output>
        </test-method> <!-- set -->
        <test-method signature="loginWithUserNotAuth()[pri:0, instance:com.appbarber.tests.auth.Login@60704c]" started-at="2026-05-28T10:07:29 CST" name="loginWithUserNotAuth" finished-at="2026-05-28T10:07:32 CST" duration-ms="3714" status="PASS">
          <reporter-output>
          </reporter-output>
        </test-method> <!-- loginWithUserNotAuth -->
        <test-method is-config="true" signature="tearDown()[pri:0, instance:com.appbarber.tests.auth.Login@60704c]" started-at="2026-05-28T10:07:32 CST" name="tearDown" finished-at="2026-05-28T10:07:33 CST" duration-ms="476" status="PASS">
          <reporter-output>
          </reporter-output>
        </test-method> <!-- tearDown -->
      </class> <!-- com.appbarber.tests.auth.Login -->
      <class name="com.appbarber.tests.auth.Register">
        <test-method is-config="true" signature="setUp()[pri:0, instance:com.appbarber.tests.auth.Register@12e61fe6]" started-at="2026-05-28T10:07:33 CST" name="setUp" finished-at="2026-05-28T10:07:34 CST" duration-ms="1192" status="PASS">
          <reporter-output>
          </reporter-output>
        </test-method> <!-- setUp -->
        <test-method is-config="true" signature="set()[pri:0, instance:com.appbarber.tests.auth.Register@12e61fe6]" started-at="2026-05-28T10:07:34 CST" name="set" finished-at="2026-05-28T10:07:35 CST" duration-ms="954" status="PASS">
          <reporter-output>
          </reporter-output>
        </test-method> <!-- set -->
        <test-method signature="registerFailedWithEmailRegistered(com.appbarber.models.RegisterData,java.lang.String)[pri:0, instance:com.appbarber.tests.auth.Register@12e61fe6]" started-at="2026-05-28T10:07:35 CST" name="registerFailedWithEmailRegistered" data-provider="dataFailedRegister" finished-at="2026-05-28T10:07:37 CST" duration-ms="2314" status="PASS">
          <params>
            <param index="0">
              <value>
                <![CDATA[com.appbarber.models.RegisterData@5038d0b5]]>
              </value>
            </param>
            <param index="1">
              <value>
                <![CDATA[Usuario ya registrado]]>
              </value>
            </param>
          </params>
          <reporter-output>
          </reporter-output>
        </test-method> <!-- registerFailedWithEmailRegistered -->
        <test-method is-config="true" signature="tearDown()[pri:0, instance:com.appbarber.tests.auth.Register@12e61fe6]" started-at="2026-05-28T10:07:37 CST" name="tearDown" finished-at="2026-05-28T10:07:38 CST" duration-ms="487" status="PASS">
          <reporter-output>
          </reporter-output>
        </test-method> <!-- tearDown -->
        <test-method is-config="true" signature="setUp()[pri:0, instance:com.appbarber.tests.auth.Register@12e61fe6]" started-at="2026-05-28T10:07:38 CST" name="setUp" finished-at="2026-05-28T10:07:39 CST" duration-ms="1177" status="PASS">
          <reporter-output>
          </reporter-output>
        </test-method> <!-- setUp -->
        <test-method is-config="true" signature="set()[pri:0, instance:com.appbarber.tests.auth.Register@12e61fe6]" started-at="2026-05-28T10:07:39 CST" name="set" finished-at="2026-05-28T10:07:41 CST" duration-ms="2152" status="PASS">
          <reporter-output>
          </reporter-output>
        </test-method> <!-- set -->
        <test-method signature="registerSuccessFul()[pri:0, instance:com.appbarber.tests.auth.Register@12e61fe6]" started-at="2026-05-28T10:07:41 CST" name="registerSuccessFul" finished-at="2026-05-28T10:07:45 CST" duration-ms="3859" status="PASS">
          <reporter-output>
          </reporter-output>
        </test-method> <!-- registerSuccessFul -->
        <test-method is-config="true" signature="tearDown()[pri:0, instance:com.appbarber.tests.auth.Register@12e61fe6]" started-at="2026-05-28T10:07:45 CST" name="tearDown" finished-at="2026-05-28T10:07:46 CST" duration-ms="474" status="PASS">
          <reporter-output>
          </reporter-output>
        </test-method> <!-- tearDown -->
      </class> <!-- com.appbarber.tests.auth.Register -->
    </test> <!-- AUTH_MODULE -->
  </suite> <!-- Suite Appbarber -->
</testng-results>
