<?xml version="1.0" encoding="UTF-8"?>
<testsuite xmlns:xsi="http://www.w3.org/2001/XMLSchema-instance" xsi:noNamespaceSchemaLocation="https://maven.apache.org/surefire/maven-surefire-plugin/xsd/surefire-test-report.xsd" version="3.0.2" name="TestSuite" time="53.172" tests="6" errors="0" skipped="0" failures="0">
  <properties>
[...]
</properties>
  <testcase name="loginToAppSuccessful" classname="com.appbarber.tests.auth.Login" time="3.449">
    <system-out><![CDATA[[SETUP BASE]: Levantando playwright en el entorno de pruebas: https://appbarber-2-0.onrender.com
]]></system-out>
    <system-err><![CDATA[SLF4J: Failed to load class "org.slf4j.impl.StaticLoggerBinder".
SLF4J: Defaulting to no-operation (NOP) logger implementation
SLF4J: See http://www.slf4j.org/codes.html#StaticLoggerBinder for further details.
]]></system-err>
  </testcase>
  <testcase name="loginToDashboardSuccessful" classname="com.appbarber.tests.auth.Login" time="2.872">
    <system-out><![CDATA[[SETUP BASE]: Levantando playwright en el entorno de pruebas: https://appbarber-2-0.onrender.com
]]></system-out>
  </testcase>
  <testcase name="loginWithPasswordIncorrect" classname="com.appbarber.tests.auth.Login" time="2.709">
    <system-out><![CDATA[[SETUP BASE]: Levantando playwright en el entorno de pruebas: https://appbarber-2-0.onrender.com
]]></system-out>
  </testcase>
  <testcase name="loginWithUserNotAuth" classname="com.appbarber.tests.auth.Login" time="3.713">
    <system-out><![CDATA[[SETUP BASE]: Levantando playwright en el entorno de pruebas: https://appbarber-2-0.onrender.com
]]></system-out>
  </testcase>
  <testcase name="registerFailedWithEmailRegistered[com.appbarber.models.RegisterData@5038d0b5, Usuario ya registrado](1)" classname="com.appbarber.tests.auth.Register" time="2.314">
    <system-out><![CDATA[[SETUP BASE]: Levantando playwright en el entorno de pruebas: https://appbarber-2-0.onrender.com
]]></system-out>
  </testcase>
  <testcase name="registerSuccessFul" classname="com.appbarber.tests.auth.Register" time="3.859">
    <system-out><![CDATA[[SETUP BASE]: Levantando playwright en el entorno de pruebas: https://appbarber-2-0.onrender.com
]]></system-out>
  </testcase>
</testsuite>