<?xml version="1.0" encoding="UTF-8"?>
<!-- Generated by org.testng.reporters.JUnitReportReporter -->
<testsuite hostname="DESKTOP-4MCJRE4" failures="0" tests="4" name="com.appbarber.tests.auth.Login" time="39.846" errors="0" timestamp="2026-05-28T10:07:46 CST" skipped="0">
  <testcase classname="com.appbarber.tests.auth.Login" name="loginToDashboardSuccessful" time="5.901"/>
  <testcase classname="com.appbarber.tests.auth.Login" name="loginToAppSuccessful" time="5.702"/>
  <testcase classname="com.appbarber.tests.auth.Login" name="loginWithPasswordIncorrect" time="5.767"/>
  <testcase classname="com.appbarber.tests.auth.Login" name="loginWithUserNotAuth" time="22.476"/>
</testsuite> <!-- com.appbarber.tests.auth.Login -->
