<?xml version="1.0" encoding="UTF-8"?>
<!-- Generated by org.testng.reporters.JUnitReportReporter -->
<testsuite hostname="DESKTOP-4MCJRE4" failures="0" tests="2" name="com.appbarber.tests.auth.Register" time="12.609" errors="0" timestamp="2026-05-28T10:07:46 CST" skipped="0">
  <testcase classname="com.appbarber.tests.auth.Register" name="registerFailedWithEmailRegistered" time="6.145"/>
  <testcase classname="com.appbarber.tests.auth.Register" name="registerSuccessFul" time="6.464"/>
</testsuite> <!-- com.appbarber.tests.auth.Register -->
